#
# A fatal error has been detected by the Java Runtime Environment:
#
#  EXCEPTION_ACCESS_VIOLATION (0xc0000005) at pc=0x00007ffa4c68ba0b, pid=22968, tid=14796
#
# JRE version: Java(TM) SE Runtime Environment 18.9 (11.0.16+11) (build 11.0.16+11-LTS-199)
# Java VM: Java HotSpot(TM) 64-Bit Server VM 18.9 (11.0.16+11-LTS-199, mixed mode, tiered, compressed oops, g1 gc, windows-amd64)
# Problematic frame:
# V  [jvm.dll+0x6aba0b]
#
# No core dump will be written. Minidumps are not enabled by default on client versions of Windows
#
# If you would like to submit a bug report, please visit:
#   https://bugreport.java.com/bugreport/crash.jsp
#

---------------  S U M M A R Y ------------

Command Line: -agentlib:jdwp=transport=dt_socket,suspend=y,address=localhost:62199 -ea -Dfile.encoding=Cp1252 org.testng.remote.RemoteTestNG -serport 62198 -protocol json -d C:\Users\ankit\eclipse-workspace\Test_Ankita\test-output C:\Users\ankit\AppData\Local\Temp\testng-eclipse--15900977\testng-customsuite.xml

Host: AMD Ryzen 5 5500U with Radeon Graphics         , 12 cores, 7G,  Windows 11 , 64 bit Build 22000 (10.0.22000.708)
Time: Fri Oct  7 01:09:59 2022 India Standard Time elapsed time: 1604.611536 seconds (0d 0h 26m 44s)

---------------  T H R E A D  ---------------

Current thread (0x000001b3e8b60000):  VMThread "VM Thread" [stack: 0x0000005750000000,0x0000005750100000] [id=14796]

Stack: [0x0000005750000000,0x0000005750100000],  sp=0x00000057500fec50,  free space=1019k
Native frames: (J=compiled Java code, j=interpreted, Vv=VM code, C=native code)
V  [jvm.dll+0x6aba0b]
V  [jvm.dll+0x316b93]
V  [jvm.dll+0x318895]
V  [jvm.dll+0x31918e]
V  [jvm.dll+0x3169ec]
V  [jvm.dll+0x315c22]
V  [jvm.dll+0x6198a5]
V  [jvm.dll+0x61962d]
V  [jvm.dll+0x5e0d43]
V  [jvm.dll+0x4eef21]
V  [jvm.dll+0x76c2dc]
V  [jvm.dll+0x76a657]
V  [jvm.dll+0x76ae90]
V  [jvm.dll+0x76b1a7]
V  [jvm.dll+0x722b74]
V  [jvm.dll+0x629286]
C  [ucrtbase.dll+0x26c0c]
C  [KERNEL32.DLL+0x154e0]
C  [ntdll.dll+0x485b]


siginfo: EXCEPTION_ACCESS_VIOLATION (0xc0000005), reading address 0x0000000000000006


Register to memory mapping:

RIP=0x00007ffa4c68ba0b jvm.dll
RAX=0x00000057500fecf0 points into unknown readable memory: 0x00000000460000ae | ae 00 00 46 00 00 00 00
RBX=0x00000057500fecc0 points into unknown readable memory: 0x00007ffa4c850598 | 98 05 85 4c fa 7f 00 00
RCX=0x0 is NULL
RDX=0x0 is NULL
RSP=0x00000057500fec50 points into unknown readable memory: 0x00000057500fecc0 | c0 ec 0f 50 57 00 00 00
RBP=0x00000057500ff210 points into unknown readable memory: 0x000001b3e8b1c8a8 | a8 c8 b1 e8 b3 01 00 00
RSI=0x0 is NULL
RDI=0x0 is NULL
R8 =0x0 is NULL
R9 =0x000001b3ebb2b6d0 is pointing into metadata
R10=0x00007ffa4bfe0000 jvm.dll
R11=0x00000057500ff120 points into unknown readable memory: 0x00000057500ff1e0 | e0 f1 0f 50 57 00 00 00
R12=0x000001b3e8b1c5b8 points into unknown readable memory: 0x0000003fd9f23100 | 00 31 f2 d9 3f 00 00 00
R13=0x0000000000000028 is an unknown value
R14=0x000001b3ebb2c579 is pointing into metadata
R15=0x00000000000000ba is an unknown value


Registers:
RAX=0x00000057500fecf0, RBX=0x00000057500fecc0, RCX=0x0000000000000000, RDX=0x0000000000000000
RSP=0x00000057500fec50, RBP=0x00000057500ff210, RSI=0x0000000000000000, RDI=0x0000000000000000
R8 =0x0000000000000000, R9 =0x000001b3ebb2b6d0, R10=0x00007ffa4bfe0000, R11=0x00000057500ff120
R12=0x000001b3e8b1c5b8, R13=0x0000000000000028, R14=0x000001b3ebb2c579, R15=0x00000000000000ba
RIP=0x00007ffa4c68ba0b, EFLAGS=0x0000000000010246

Top of Stack: (sp=0x00000057500fec50)
0x00000057500fec50:   00000057500fecc0 00007ffa4c21698e
0x00000057500fec60:   4fffffff2fffffff 00007ffa4c68bf55
0x00000057500fec70:   4fffffff2fffffff 00007ffa4c5f9d0d
0x00000057500fec80:   0000000000000000 00007ffa4c2f6b93
0x00000057500fec90:   0000000000000000 00000057500ff380
0x00000057500feca0:   000000000000009b 000001b3e916bb95
0x00000057500fecb0:   00007ffa4bfe0000 ffffffffffffffff
0x00000057500fecc0:   00007ffa4c850598 0000000000000000
0x00000057500fecd0:   0000000000000000 00007ffa0000000c
0x00000057500fece0:   00000057500fecf0 0000005700000000
0x00000057500fecf0:   00000000460000ae 00007ffac7df541a
0x00000057500fed00:   4fffffff4fffffff 00007ffac7e300bf
0x00000057500fed10:   00007ffa4c850598 000001b3e8a45ed0
0x00000057500fed20:   0000000000000002 00007ffa0000000e
0x00000057500fed30:   0000000000000000 00007ffac7df39aa
0x00000057500fed40:   00000057500fee50 0000000000000000 

Instructions: (pc=0x00007ffa4c68ba0b)
0x00007ffa4c68b9eb:   cc cc cc cc cc 40 53 48 83 ec 30 c7 41 10 00 00
0x00007ffa4c68b9fb:   00 00 48 8b d9 48 89 7c 24 48 48 8b 79 08 33 c9
0x00007ffa4c68ba0b:   80 7f 06 28 74 30 44 8d 41 35 c7 44 24 20 28 00
0x00007ffa4c68ba1b:   00 00 b9 00 00 00 e0 4c 8d 0d 67 64 21 00 48 8d 


Stack slot to memory mapping:
stack at sp + 0 slots: 0x00000057500fecc0 points into unknown readable memory: 0x00007ffa4c850598 | 98 05 85 4c fa 7f 00 00
stack at sp + 1 slots: 0x00007ffa4c21698e jvm.dll
stack at sp + 2 slots: 0x4fffffff2fffffff is an unknown value
stack at sp + 3 slots: 0x00007ffa4c68bf55 jvm.dll
stack at sp + 4 slots: 0x4fffffff2fffffff is an unknown value
stack at sp + 5 slots: 0x00007ffa4c5f9d0d jvm.dll
stack at sp + 6 slots: 0x0 is NULL
stack at sp + 7 slots: 0x00007ffa4c2f6b93 jvm.dll

VM_Operation (0x00000057509ff040): GetOrSetLocal, mode: safepoint, requested by thread 0x000001b3e96c3000


---------------  P R O C E S S  ---------------

Threads class SMR info:
_java_thread_list=0x000001b3ea3ac370, length=24, elements={
0x000001b3cad27000, 0x000001b3e8b61800, 0x000001b3e8b8c800, 0x000001b3e8ba0000,
0x000001b3e8ba0800, 0x000001b3e8ba1800, 0x000001b3e8bad800, 0x000001b3e8bb2000,
0x000001b3e8bb6800, 0x000001b3e96c3000, 0x000001b3e96c6800, 0x000001b3e96c7000,
0x000001b3e96d6800, 0x000001b3e9f91800, 0x000001b3ea8b6000, 0x000001b3eaa48800,
0x000001b3eaa19800, 0x000001b3eaa17800, 0x000001b3eab40000, 0x000001b3eabc7800,
0x000001b3eaa08000, 0x000001b3eaa03000, 0x000001b3eaa06800, 0x000001b3eaa07800
}

Java Threads: ( => current thread )
  0x000001b3cad27000 JavaThread "main" [_thread_blocked, id=33948, stack(0x000000574fa00000,0x000000574fb00000)]
  0x000001b3e8b61800 JavaThread "Reference Handler" daemon [_thread_blocked, id=38832, stack(0x0000005750100000,0x0000005750200000)]
  0x000001b3e8b8c800 JavaThread "Finalizer" daemon [_thread_blocked, id=56224, stack(0x0000005750200000,0x0000005750300000)]
  0x000001b3e8ba0000 JavaThread "Signal Dispatcher" daemon [_thread_blocked, id=13884, stack(0x0000005750300000,0x0000005750400000)]
  0x000001b3e8ba0800 JavaThread "Attach Listener" daemon [_thread_blocked, id=3124, stack(0x0000005750400000,0x0000005750500000)]
  0x000001b3e8ba1800 JavaThread "Service Thread" daemon [_thread_blocked, id=45884, stack(0x0000005750500000,0x0000005750600000)]
  0x000001b3e8bad800 JavaThread "C2 CompilerThread0" daemon [_thread_blocked, id=48624, stack(0x0000005750600000,0x0000005750700000)]
  0x000001b3e8bb2000 JavaThread "C1 CompilerThread0" daemon [_thread_blocked, id=52616, stack(0x0000005750700000,0x0000005750800000)]
  0x000001b3e8bb6800 JavaThread "Sweeper thread" daemon [_thread_blocked, id=48948, stack(0x0000005750800000,0x0000005750900000)]
  0x000001b3e96c3000 JavaThread "JDWP Transport Listener: dt_socket" daemon [_thread_blocked, id=13180, stack(0x0000005750900000,0x0000005750a00000)] _threads_hazard_ptr=0x000001b3ea3ac370
  0x000001b3e96c6800 JavaThread "JDWP Event Helper Thread" daemon [_thread_blocked, id=55376, stack(0x0000005750a00000,0x0000005750b00000)]
  0x000001b3e96c7000 JavaThread "JDWP Command Reader" daemon [_thread_in_native, id=54708, stack(0x0000005750b00000,0x0000005750c00000)]
  0x000001b3e96d6800 JavaThread "Common-Cleaner" daemon [_thread_blocked, id=34200, stack(0x0000005750d00000,0x0000005750e00000)]
  0x000001b3e9f91800 JavaThread "ReaderThread" [_thread_in_native, id=45748, stack(0x0000005750f00000,0x0000005751000000)]
  0x000001b3ea8b6000 JavaThread "ForkJoinPool.commonPool-worker-19" daemon [_thread_blocked, id=41712, stack(0x0000005751800000,0x0000005751900000)]
  0x000001b3eaa48800 JavaThread "AsyncHttpClient-1-1" daemon [_thread_blocked, id=3984, stack(0x0000005751900000,0x0000005751a00000)]
  0x000001b3eaa19800 JavaThread "Exec Default Executor" daemon [_thread_in_native, id=43944, stack(0x0000005751a00000,0x0000005751b00000)]
  0x000001b3eaa17800 JavaThread "Driver Service Executor" daemon [_thread_blocked, id=35104, stack(0x0000005751b00000,0x0000005751c00000)]
  0x000001b3eab40000 JavaThread "Driver Service Executor" daemon [_thread_blocked, id=44632, stack(0x0000005751c00000,0x0000005751d00000)]
  0x000001b3eabc7800 JavaThread "Exec Stream Pumper" daemon [_thread_in_native, id=54212, stack(0x0000005751e00000,0x0000005751f00000)]
  0x000001b3eaa08000 JavaThread "Exec Stream Pumper" daemon [_thread_in_native, id=23148, stack(0x0000005751f00000,0x0000005752000000)]
  0x000001b3eaa03000 JavaThread "AsyncHttpClient-1-2" daemon [_thread_in_native, id=12696, stack(0x0000005751000000,0x0000005751100000)]
  0x000001b3eaa06800 JavaThread "AsyncHttpClient-1-3" daemon [_thread_in_native, id=55512, stack(0x0000005752000000,0x0000005752100000)]
  0x000001b3eaa07800 JavaThread "AsyncHttpClient-1-4" daemon [_thread_in_native, id=10556, stack(0x0000005752100000,0x0000005752200000)]

Other Threads:
=>0x000001b3e8b60000 VMThread "VM Thread" [stack: 0x0000005750000000,0x0000005750100000] [id=14796]
  0x000001b3e96df800 WatcherThread [stack: 0x0000005750c00000,0x0000005750d00000] [id=51252]
  0x000001b3cad3e800 GCTaskThread "GC Thread#0" [stack: 0x000000574fb00000,0x000000574fc00000] [id=54588]
  0x000001b3ea84a800 GCTaskThread "GC Thread#1" [stack: 0x0000005751200000,0x0000005751300000] [id=49896]
  0x000001b3ea84b800 GCTaskThread "GC Thread#2" [stack: 0x0000005751300000,0x0000005751400000] [id=36336]
  0x000001b3ea84c000 GCTaskThread "GC Thread#3" [stack: 0x0000005751400000,0x0000005751500000] [id=19944]
  0x000001b3cad6a800 ConcurrentGCThread "G1 Main Marker" [stack: 0x000000574fc00000,0x000000574fd00000] [id=50688]
  0x000001b3cad6c000 ConcurrentGCThread "G1 Conc#0" [stack: 0x000000574fd00000,0x000000574fe00000] [id=24408]
  0x000001b3ea83a000 ConcurrentGCThread "G1 Conc#1" [stack: 0x0000005751600000,0x0000005751700000] [id=4012]
  0x000001b3ea8a5000 ConcurrentGCThread "G1 Conc#2" [stack: 0x0000005751700000,0x0000005751800000] [id=22056]
  0x000001b3e89d0800 ConcurrentGCThread "G1 Refine#0" [stack: 0x000000574fe00000,0x000000574ff00000] [id=21104]
  0x000001b3e97a9000 ConcurrentGCThread "G1 Refine#1" [stack: 0x0000005751500000,0x0000005751600000] [id=36472]
  0x000001b3e89d1800 ConcurrentGCThread "G1 Young RemSet Sampling" [stack: 0x000000574ff00000,0x0000005750000000] [id=41324]

Threads with active compile tasks:

VM state:at safepoint (normal execution)

VM Mutex/Monitor currently owned by a thread:  ([mutex/lock_event])
[0x000001b3cad23a10] Threads_lock - owner thread: 0x000001b3e8b60000

Heap address: 0x000000008a600000, size: 1882 MB, Compressed Oops mode: 32-bit
Narrow klass base: 0x0000000000000000, Narrow klass shift: 3
Compressed class space size: 1073741824 Address: 0x0000000100000000

Heap:
 garbage-first heap   total 120832K, used 39898K [0x000000008a600000, 0x0000000100000000)
  region size 1024K, 30 young (30720K), 3 survivors (3072K)
 Metaspace       used 32019K, capacity 32733K, committed 32896K, reserved 1079296K
  class space    used 3690K, capacity 3961K, committed 3968K, reserved 1048576K
Heap Regions: E=young(eden), S=young(survivor), O=old, HS=humongous(starts), HC=humongous(continues), CS=collection set, F=free, A=archive, TAMS=top-at-mark-start (previous, next)
|   0|0x000000008a600000, 0x000000008a700000, 0x000000008a700000|100%| O|  |TAMS 0x000000008a700000, 0x000000008a600000| Untracked 
|   1|0x000000008a700000, 0x000000008a800000, 0x000000008a800000|100%| O|  |TAMS 0x000000008a800000, 0x000000008a700000| Untracked 
|   2|0x000000008a800000, 0x000000008a900000, 0x000000008a900000|100%| O|  |TAMS 0x000000008a900000, 0x000000008a800000| Untracked 
|   3|0x000000008a900000, 0x000000008aa00000, 0x000000008aa00000|100%| O|  |TAMS 0x000000008aa00000, 0x000000008a900000| Untracked 
|   4|0x000000008aa00000, 0x000000008ab00000, 0x000000008ab00000|100%| O|  |TAMS 0x000000008ab00000, 0x000000008aa00000| Untracked 
|   5|0x000000008ab00000, 0x000000008ac00000, 0x000000008ac00000|100%| O|  |TAMS 0x000000008ac00000, 0x000000008ab00000| Untracked 
|   6|0x000000008ac00000, 0x000000008ac3ae00, 0x000000008ad00000| 22%| O|  |TAMS 0x000000008ac3ae00, 0x000000008ac00000| Untracked 
|   7|0x000000008ad00000, 0x000000008ae00000, 0x000000008ae00000|100%|HS|  |TAMS 0x000000008ad00000, 0x000000008ad00000| Complete 
|   8|0x000000008ae00000, 0x000000008af00000, 0x000000008af00000|100%|HC|  |TAMS 0x000000008ae00000, 0x000000008ae00000| Complete 
|   9|0x000000008af00000, 0x000000008b000000, 0x000000008b000000|100%|HC|  |TAMS 0x000000008af00000, 0x000000008af00000| Complete 
|  10|0x000000008b000000, 0x000000008b100000, 0x000000008b100000|100%|HC|  |TAMS 0x000000008b000000, 0x000000008b000000| Complete 
|  11|0x000000008b100000, 0x000000008b200000, 0x000000008b200000|100%|HC|  |TAMS 0x000000008b100000, 0x000000008b100000| Complete 
|  12|0x000000008b200000, 0x000000008b200000, 0x000000008b300000|  0%| F|  |TAMS 0x000000008b200000, 0x000000008b200000| Untracked 
|  13|0x000000008b300000, 0x000000008b300000, 0x000000008b400000|  0%| F|  |TAMS 0x000000008b300000, 0x000000008b300000| Untracked 
|  14|0x000000008b400000, 0x000000008b400000, 0x000000008b500000|  0%| F|  |TAMS 0x000000008b400000, 0x000000008b400000| Untracked 
|  15|0x000000008b500000, 0x000000008b500000, 0x000000008b600000|  0%| F|  |TAMS 0x000000008b500000, 0x000000008b500000| Untracked 
|  16|0x000000008b600000, 0x000000008b600000, 0x000000008b700000|  0%| F|  |TAMS 0x000000008b600000, 0x000000008b600000| Untracked 
|  17|0x000000008b700000, 0x000000008b700000, 0x000000008b800000|  0%| F|  |TAMS 0x000000008b700000, 0x000000008b700000| Untracked 
|  18|0x000000008b800000, 0x000000008b800000, 0x000000008b900000|  0%| F|  |TAMS 0x000000008b800000, 0x000000008b800000| Untracked 
|  19|0x000000008b900000, 0x000000008b900000, 0x000000008ba00000|  0%| F|  |TAMS 0x000000008b900000, 0x000000008b900000| Untracked 
|  20|0x000000008ba00000, 0x000000008ba00000, 0x000000008bb00000|  0%| F|  |TAMS 0x000000008ba00000, 0x000000008ba00000| Untracked 
|  21|0x000000008bb00000, 0x000000008bb00000, 0x000000008bc00000|  0%| F|  |TAMS 0x000000008bb00000, 0x000000008bb00000| Untracked 
|  22|0x000000008bc00000, 0x000000008bc00000, 0x000000008bd00000|  0%| F|  |TAMS 0x000000008bc00000, 0x000000008bc00000| Untracked 
|  23|0x000000008bd00000, 0x000000008bd00000, 0x000000008be00000|  0%| F|  |TAMS 0x000000008bd00000, 0x000000008bd00000| Untracked 
|  24|0x000000008be00000, 0x000000008be00000, 0x000000008bf00000|  0%| F|  |TAMS 0x000000008be00000, 0x000000008be00000| Untracked 
|  25|0x000000008bf00000, 0x000000008bf00000, 0x000000008c000000|  0%| F|  |TAMS 0x000000008bf00000, 0x000000008bf00000| Untracked 
|  26|0x000000008c000000, 0x000000008c000000, 0x000000008c100000|  0%| F|  |TAMS 0x000000008c000000, 0x000000008c000000| Untracked 
|  27|0x000000008c100000, 0x000000008c100000, 0x000000008c200000|  0%| F|  |TAMS 0x000000008c100000, 0x000000008c100000| Untracked 
|  28|0x000000008c200000, 0x000000008c200000, 0x000000008c300000|  0%| F|  |TAMS 0x000000008c200000, 0x000000008c200000| Untracked 
|  29|0x000000008c300000, 0x000000008c300000, 0x000000008c400000|  0%| F|  |TAMS 0x000000008c300000, 0x000000008c300000| Untracked 
|  30|0x000000008c400000, 0x000000008c400000, 0x000000008c500000|  0%| F|  |TAMS 0x000000008c400000, 0x000000008c400000| Untracked 
|  31|0x000000008c500000, 0x000000008c500000, 0x000000008c600000|  0%| F|  |TAMS 0x000000008c500000, 0x000000008c500000| Untracked 
|  32|0x000000008c600000, 0x000000008c600000, 0x000000008c700000|  0%| F|  |TAMS 0x000000008c600000, 0x000000008c600000| Untracked 
|  33|0x000000008c700000, 0x000000008c700000, 0x000000008c800000|  0%| F|  |TAMS 0x000000008c700000, 0x000000008c700000| Untracked 
|  34|0x000000008c800000, 0x000000008c800000, 0x000000008c900000|  0%| F|  |TAMS 0x000000008c800000, 0x000000008c800000| Untracked 
|  35|0x000000008c900000, 0x000000008c900000, 0x000000008ca00000|  0%| F|  |TAMS 0x000000008c900000, 0x000000008c900000| Untracked 
|  36|0x000000008ca00000, 0x000000008ca00000, 0x000000008cb00000|  0%| F|  |TAMS 0x000000008ca00000, 0x000000008ca00000| Untracked 
|  37|0x000000008cb00000, 0x000000008cb00000, 0x000000008cc00000|  0%| F|  |TAMS 0x000000008cb00000, 0x000000008cb00000| Untracked 
|  38|0x000000008cc00000, 0x000000008cc00000, 0x000000008cd00000|  0%| F|  |TAMS 0x000000008cc00000, 0x000000008cc00000| Untracked 
|  39|0x000000008cd00000, 0x000000008cd00000, 0x000000008ce00000|  0%| F|  |TAMS 0x000000008cd00000, 0x000000008cd00000| Untracked 
|  40|0x000000008ce00000, 0x000000008ce00000, 0x000000008cf00000|  0%| F|  |TAMS 0x000000008ce00000, 0x000000008ce00000| Untracked 
|  41|0x000000008cf00000, 0x000000008cf00000, 0x000000008d000000|  0%| F|  |TAMS 0x000000008cf00000, 0x000000008cf00000| Untracked 
|  42|0x000000008d000000, 0x000000008d000000, 0x000000008d100000|  0%| F|  |TAMS 0x000000008d000000, 0x000000008d000000| Untracked 
|  43|0x000000008d100000, 0x000000008d100000, 0x000000008d200000|  0%| F|  |TAMS 0x000000008d100000, 0x000000008d100000| Untracked 
|  44|0x000000008d200000, 0x000000008d200000, 0x000000008d300000|  0%| F|  |TAMS 0x000000008d200000, 0x000000008d200000| Untracked 
|  45|0x000000008d300000, 0x000000008d300000, 0x000000008d400000|  0%| F|  |TAMS 0x000000008d300000, 0x000000008d300000| Untracked 
|  46|0x000000008d400000, 0x000000008d400000, 0x000000008d500000|  0%| F|  |TAMS 0x000000008d400000, 0x000000008d400000| Untracked 
|  47|0x000000008d500000, 0x000000008d500000, 0x000000008d600000|  0%| F|  |TAMS 0x000000008d500000, 0x000000008d500000| Untracked 
|  48|0x000000008d600000, 0x000000008d600000, 0x000000008d700000|  0%| F|  |TAMS 0x000000008d600000, 0x000000008d600000| Untracked 
|  49|0x000000008d700000, 0x000000008d700000, 0x000000008d800000|  0%| F|  |TAMS 0x000000008d700000, 0x000000008d700000| Untracked 
|  50|0x000000008d800000, 0x000000008d800000, 0x000000008d900000|  0%| F|  |TAMS 0x000000008d800000, 0x000000008d800000| Untracked 
|  51|0x000000008d900000, 0x000000008d900000, 0x000000008da00000|  0%| F|  |TAMS 0x000000008d900000, 0x000000008d900000| Untracked 
|  52|0x000000008da00000, 0x000000008da00000, 0x000000008db00000|  0%| F|  |TAMS 0x000000008da00000, 0x000000008da00000| Untracked 
|  53|0x000000008db00000, 0x000000008db00000, 0x000000008dc00000|  0%| F|  |TAMS 0x000000008db00000, 0x000000008db00000| Untracked 
|  54|0x000000008dc00000, 0x000000008dc00000, 0x000000008dd00000|  0%| F|  |TAMS 0x000000008dc00000, 0x000000008dc00000| Untracked 
|  55|0x000000008dd00000, 0x000000008dd00000, 0x000000008de00000|  0%| F|  |TAMS 0x000000008dd00000, 0x000000008dd00000| Untracked 
|  56|0x000000008de00000, 0x000000008de00000, 0x000000008df00000|  0%| F|  |TAMS 0x000000008de00000, 0x000000008de00000| Untracked 
|  57|0x000000008df00000, 0x000000008df00000, 0x000000008e000000|  0%| F|  |TAMS 0x000000008df00000, 0x000000008df00000| Untracked 
|  58|0x000000008e000000, 0x000000008e000000, 0x000000008e100000|  0%| F|  |TAMS 0x000000008e000000, 0x000000008e000000| Untracked 
|  59|0x000000008e100000, 0x000000008e100000, 0x000000008e200000|  0%| F|  |TAMS 0x000000008e100000, 0x000000008e100000| Untracked 
|  60|0x000000008e200000, 0x000000008e200000, 0x000000008e300000|  0%| F|  |TAMS 0x000000008e200000, 0x000000008e200000| Untracked 
|  61|0x000000008e300000, 0x000000008e300000, 0x000000008e400000|  0%| F|  |TAMS 0x000000008e300000, 0x000000008e300000| Untracked 
|  62|0x000000008e400000, 0x000000008e400000, 0x000000008e500000|  0%| F|  |TAMS 0x000000008e400000, 0x000000008e400000| Untracked 
|  63|0x000000008e500000, 0x000000008e500000, 0x000000008e600000|  0%| F|  |TAMS 0x000000008e500000, 0x000000008e500000| Untracked 
|  64|0x000000008e600000, 0x000000008e600000, 0x000000008e700000|  0%| F|  |TAMS 0x000000008e600000, 0x000000008e600000| Untracked 
|  65|0x000000008e700000, 0x000000008e700000, 0x000000008e800000|  0%| F|  |TAMS 0x000000008e700000, 0x000000008e700000| Untracked 
|  66|0x000000008e800000, 0x000000008e800000, 0x000000008e900000|  0%| F|  |TAMS 0x000000008e800000, 0x000000008e800000| Untracked 
|  67|0x000000008e900000, 0x000000008e900000, 0x000000008ea00000|  0%| F|  |TAMS 0x000000008e900000, 0x000000008e900000| Untracked 
|  68|0x000000008ea00000, 0x000000008ea00000, 0x000000008eb00000|  0%| F|  |TAMS 0x000000008ea00000, 0x000000008ea00000| Untracked 
|  69|0x000000008eb00000, 0x000000008eb00000, 0x000000008ec00000|  0%| F|  |TAMS 0x000000008eb00000, 0x000000008eb00000| Untracked 
|  70|0x000000008ec00000, 0x000000008ec00000, 0x000000008ed00000|  0%| F|  |TAMS 0x000000008ec00000, 0x000000008ec00000| Untracked 
|  71|0x000000008ed00000, 0x000000008ed00000, 0x000000008ee00000|  0%| F|  |TAMS 0x000000008ed00000, 0x000000008ed00000| Untracked 
|  72|0x000000008ee00000, 0x000000008ee00000, 0x000000008ef00000|  0%| F|  |TAMS 0x000000008ee00000, 0x000000008ee00000| Untracked 
|  73|0x000000008ef00000, 0x000000008ef00000, 0x000000008f000000|  0%| F|  |TAMS 0x000000008ef00000, 0x000000008ef00000| Untracked 
|  74|0x000000008f000000, 0x000000008f000000, 0x000000008f100000|  0%| F|  |TAMS 0x000000008f000000, 0x000000008f000000| Untracked 
|  75|0x000000008f100000, 0x000000008f100000, 0x000000008f200000|  0%| F|  |TAMS 0x000000008f100000, 0x000000008f100000| Untracked 
|  76|0x000000008f200000, 0x000000008f200000, 0x000000008f300000|  0%| F|  |TAMS 0x000000008f200000, 0x000000008f200000| Untracked 
|  77|0x000000008f300000, 0x000000008f300000, 0x000000008f400000|  0%| F|  |TAMS 0x000000008f300000, 0x000000008f300000| Untracked 
|  78|0x000000008f400000, 0x000000008f400000, 0x000000008f500000|  0%| F|  |TAMS 0x000000008f400000, 0x000000008f400000| Untracked 
|  79|0x000000008f500000, 0x000000008f5bbcc8, 0x000000008f600000| 73%| S|CS|TAMS 0x000000008f500000, 0x000000008f500000| Complete 
|  80|0x000000008f600000, 0x000000008f700000, 0x000000008f700000|100%| S|CS|TAMS 0x000000008f600000, 0x000000008f600000| Complete 
|  81|0x000000008f700000, 0x000000008f800000, 0x000000008f800000|100%| S|CS|TAMS 0x000000008f700000, 0x000000008f700000| Complete 
|  82|0x000000008f800000, 0x000000008f800000, 0x000000008f900000|  0%| F|  |TAMS 0x000000008f800000, 0x000000008f800000| Untracked 
|  83|0x000000008f900000, 0x000000008f900000, 0x000000008fa00000|  0%| F|  |TAMS 0x000000008f900000, 0x000000008f900000| Untracked 
|  84|0x000000008fa00000, 0x000000008fa00000, 0x000000008fb00000|  0%| F|  |TAMS 0x000000008fa00000, 0x000000008fa00000| Untracked 
|  85|0x000000008fb00000, 0x000000008fb00000, 0x000000008fc00000|  0%| F|  |TAMS 0x000000008fb00000, 0x000000008fb00000| Untracked 
|  86|0x000000008fc00000, 0x000000008fc00000, 0x000000008fd00000|  0%| F|  |TAMS 0x000000008fc00000, 0x000000008fc00000| Untracked 
|  87|0x000000008fd00000, 0x000000008fd00000, 0x000000008fe00000|  0%| F|  |TAMS 0x000000008fd00000, 0x000000008fd00000| Untracked 
|  88|0x000000008fe00000, 0x000000008fe00000, 0x000000008ff00000|  0%| F|  |TAMS 0x000000008fe00000, 0x000000008fe00000| Untracked 
|  89|0x000000008ff00000, 0x000000008ff00000, 0x0000000090000000|  0%| F|  |TAMS 0x000000008ff00000, 0x000000008ff00000| Untracked 
|  90|0x0000000090000000, 0x0000000090000000, 0x0000000090100000|  0%| F|  |TAMS 0x0000000090000000, 0x0000000090000000| Untracked 
|  91|0x0000000090100000, 0x0000000090129790, 0x0000000090200000| 16%| E|  |TAMS 0x0000000090100000, 0x0000000090100000| Complete 
|  92|0x0000000090200000, 0x0000000090300000, 0x0000000090300000|100%| E|CS|TAMS 0x0000000090200000, 0x0000000090200000| Complete 
|  93|0x0000000090300000, 0x0000000090400000, 0x0000000090400000|100%| E|CS|TAMS 0x0000000090300000, 0x0000000090300000| Complete 
|  94|0x0000000090400000, 0x0000000090500000, 0x0000000090500000|100%| E|CS|TAMS 0x0000000090400000, 0x0000000090400000| Complete 
|  95|0x0000000090500000, 0x0000000090600000, 0x0000000090600000|100%| E|CS|TAMS 0x0000000090500000, 0x0000000090500000| Complete 
|  96|0x0000000090600000, 0x0000000090700000, 0x0000000090700000|100%| E|CS|TAMS 0x0000000090600000, 0x0000000090600000| Complete 
|  97|0x0000000090700000, 0x0000000090800000, 0x0000000090800000|100%| E|CS|TAMS 0x0000000090700000, 0x0000000090700000| Complete 
|  98|0x0000000090800000, 0x0000000090900000, 0x0000000090900000|100%| E|CS|TAMS 0x0000000090800000, 0x0000000090800000| Complete 
|  99|0x0000000090900000, 0x0000000090a00000, 0x0000000090a00000|100%| E|CS|TAMS 0x0000000090900000, 0x0000000090900000| Complete 
| 100|0x0000000090a00000, 0x0000000090b00000, 0x0000000090b00000|100%| E|CS|TAMS 0x0000000090a00000, 0x0000000090a00000| Complete 
| 101|0x0000000090b00000, 0x0000000090c00000, 0x0000000090c00000|100%| E|CS|TAMS 0x0000000090b00000, 0x0000000090b00000| Complete 
| 102|0x0000000090c00000, 0x0000000090d00000, 0x0000000090d00000|100%| E|CS|TAMS 0x0000000090c00000, 0x0000000090c00000| Complete 
| 103|0x0000000090d00000, 0x0000000090e00000, 0x0000000090e00000|100%| E|CS|TAMS 0x0000000090d00000, 0x0000000090d00000| Complete 
| 104|0x0000000090e00000, 0x0000000090f00000, 0x0000000090f00000|100%| E|CS|TAMS 0x0000000090e00000, 0x0000000090e00000| Complete 
| 105|0x0000000090f00000, 0x0000000091000000, 0x0000000091000000|100%| E|CS|TAMS 0x0000000090f00000, 0x0000000090f00000| Complete 
| 106|0x0000000091000000, 0x0000000091100000, 0x0000000091100000|100%| E|CS|TAMS 0x0000000091000000, 0x0000000091000000| Complete 
| 107|0x0000000091100000, 0x0000000091200000, 0x0000000091200000|100%| E|CS|TAMS 0x0000000091100000, 0x0000000091100000| Complete 
| 108|0x0000000091200000, 0x0000000091300000, 0x0000000091300000|100%| E|CS|TAMS 0x0000000091200000, 0x0000000091200000| Complete 
| 109|0x0000000091300000, 0x0000000091400000, 0x0000000091400000|100%| E|CS|TAMS 0x0000000091300000, 0x0000000091300000| Complete 
| 110|0x0000000091400000, 0x0000000091500000, 0x0000000091500000|100%| E|  |TAMS 0x0000000091400000, 0x0000000091400000| Complete 
| 111|0x0000000091500000, 0x0000000091600000, 0x0000000091600000|100%| E|CS|TAMS 0x0000000091500000, 0x0000000091500000| Complete 
| 112|0x0000000091600000, 0x0000000091700000, 0x0000000091700000|100%| E|CS|TAMS 0x0000000091600000, 0x0000000091600000| Complete 
| 113|0x0000000091700000, 0x0000000091800000, 0x0000000091800000|100%| E|CS|TAMS 0x0000000091700000, 0x0000000091700000| Complete 
| 114|0x0000000091800000, 0x0000000091900000, 0x0000000091900000|100%| E|CS|TAMS 0x0000000091800000, 0x0000000091800000| Complete 
| 115|0x0000000091900000, 0x0000000091a00000, 0x0000000091a00000|100%| E|CS|TAMS 0x0000000091900000, 0x0000000091900000| Complete 
| 116|0x0000000091a00000, 0x0000000091b00000, 0x0000000091b00000|100%| E|CS|TAMS 0x0000000091a00000, 0x0000000091a00000| Complete 
| 117|0x0000000091b00000, 0x0000000091c00000, 0x0000000091c00000|100%| E|CS|TAMS 0x0000000091b00000, 0x0000000091b00000| Complete 

Card table byte_map: [0x000001b3e1cd0000,0x000001b3e2080000] _byte_map_base: 0x000001b3e187d000

Marking Bits (Prev, Next): (CMBitMap*) 0x000001b3cad628f0, (CMBitMap*) 0x000001b3cad628b8
 Prev Bits: [0x000001b3e41a0000, 0x000001b3e5f08000)
 Next Bits: [0x000001b3e2430000, 0x000001b3e4198000)

Polling page: 0x000001b3c8cd0000

Metaspace:

Usage:
  Non-class:     28.10 MB capacity,    27.67 MB ( 98%) used,   357.55 KB (  1%) free+waste,    85.25 KB ( <1%) overhead. 
      Class:      3.87 MB capacity,     3.60 MB ( 93%) used,   229.55 KB (  6%) free+waste,    40.75 KB (  1%) overhead. 
       Both:     31.97 MB capacity,    31.27 MB ( 98%) used,   587.10 KB (  2%) free+waste,   126.00 KB ( <1%) overhead. 

Virtual space:
  Non-class space:       30.00 MB reserved,      28.25 MB ( 94%) committed 
      Class space:        1.00 GB reserved,       3.88 MB ( <1%) committed 
             Both:        1.03 GB reserved,      32.13 MB (  3%) committed 

Chunk freelists:
   Non-Class:  3.50 KB
       Class:  896 bytes
        Both:  4.38 KB

CodeHeap 'non-profiled nmethods': size=120000Kb used=1055Kb max_used=1055Kb free=118944Kb
 bounds [0x000001b3d9ea0000, 0x000001b3da110000, 0x000001b3e13d0000]
CodeHeap 'profiled nmethods': size=120000Kb used=5004Kb max_used=5004Kb free=114996Kb
 bounds [0x000001b3d2970000, 0x000001b3d2e60000, 0x000001b3d9ea0000]
CodeHeap 'non-nmethods': size=5760Kb used=1285Kb max_used=1332Kb free=4474Kb
 bounds [0x000001b3d23d0000, 0x000001b3d2640000, 0x000001b3d2970000]
 total_blobs=3004 nmethods=2447 adapters=476
 compilation: enabled
              stopped_count=0, restarted_count=0
 full_count=0

Compilation events (10 events):
Event: 553.376 Thread 0x000001b3e8bad800 2443       4       io.netty.util.HashedWheelTimer$HashedWheelBucket::expireTimeouts (115 bytes)
Event: 553.390 Thread 0x000001b3e8bad800 nmethod 2443 0x000001b3d9fa5110 code [0x000001b3d9fa52c0, 0x000001b3d9fa5b08]
Event: 642.976 Thread 0x000001b3e8bad800 2444       4       io.netty.util.HashedWheelTimer$Worker::transferTimeoutsToBuckets (124 bytes)
Event: 643.006 Thread 0x000001b3e8bad800 nmethod 2444 0x000001b3d9fa5d90 code [0x000001b3d9fa5f40, 0x000001b3d9fa6cd8]
Event: 733.371 Thread 0x000001b3e8bad800 2445       4       java.util.concurrent.ConcurrentHashMap$Traverser::advance (188 bytes)
Event: 733.377 Thread 0x000001b3e8bad800 nmethod 2445 0x000001b3d9fa7210 code [0x000001b3d9fa73a0, 0x000001b3d9fa7678]
Event: 1175.576 Thread 0x000001b3e8bad800 2446       4       java.util.concurrent.ConcurrentHashMap$BaseIterator::hasNext (13 bytes)
Event: 1175.576 Thread 0x000001b3e8bad800 nmethod 2446 0x000001b3d9fa7810 code [0x000001b3d9fa7980, 0x000001b3d9fa79f8]
Event: 1468.175 Thread 0x000001b3e8bad800 2447       4       java.util.concurrent.ConcurrentLinkedDeque$Itr::nextNode (9 bytes)
Event: 1468.181 Thread 0x000001b3e8bad800 nmethod 2447 0x000001b3d9fa7a90 code [0x000001b3d9fa7c20, 0x000001b3d9fa7d48]

GC Heap History (6 events):
Event: 2.512 GC heap before
{Heap before GC invocations=0 (full 0):
 garbage-first heap   total 120832K, used 23552K [0x000000008a600000, 0x0000000100000000)
  region size 1024K, 24 young (24576K), 0 survivors (0K)
 Metaspace       used 18434K, capacity 18669K, committed 18944K, reserved 1067008K
  class space    used 1902K, capacity 1981K, committed 2048K, reserved 1048576K
}
Event: 2.524 GC heap after
{Heap after GC invocations=1 (full 0):
 garbage-first heap   total 120832K, used 6152K [0x000000008a600000, 0x0000000100000000)
  region size 1024K, 3 young (3072K), 3 survivors (3072K)
 Metaspace       used 18434K, capacity 18669K, committed 18944K, reserved 1067008K
  class space    used 1902K, capacity 1981K, committed 2048K, reserved 1048576K
}
Event: 2.755 GC heap before
{Heap before GC invocations=1 (full 0):
 garbage-first heap   total 120832K, used 14344K [0x000000008a600000, 0x0000000100000000)
  region size 1024K, 12 young (12288K), 3 survivors (3072K)
 Metaspace       used 20790K, capacity 21120K, committed 21248K, reserved 1069056K
  class space    used 2200K, capacity 2290K, committed 2304K, reserved 1048576K
}
Event: 2.762 GC heap after
{Heap after GC invocations=2 (full 0):
 garbage-first heap   total 120832K, used 6870K [0x000000008a600000, 0x0000000100000000)
  region size 1024K, 1 young (1024K), 1 survivors (1024K)
 Metaspace       used 20790K, capacity 21120K, committed 21248K, reserved 1069056K
  class space    used 2200K, capacity 2290K, committed 2304K, reserved 1048576K
}
Event: 3.615 GC heap before
{Heap before GC invocations=3 (full 0):
 garbage-first heap   total 120832K, used 42710K [0x000000008a600000, 0x0000000100000000)
  region size 1024K, 36 young (36864K), 1 survivors (1024K)
 Metaspace       used 27487K, capacity 28136K, committed 28288K, reserved 1075200K
  class space    used 3111K, capacity 3369K, committed 3456K, reserved 1048576K
}
Event: 3.623 GC heap after
{Heap after GC invocations=4 (full 0):
 garbage-first heap   total 120832K, used 9178K [0x000000008a600000, 0x0000000100000000)
  region size 1024K, 3 young (3072K), 3 survivors (3072K)
 Metaspace       used 27487K, capacity 28136K, committed 28288K, reserved 1075200K
  class space    used 3111K, capacity 3369K, committed 3456K, reserved 1048576K
}

Deoptimization events (10 events):
Event: 2.772 Thread 0x000001b3cad27000 Uncommon trap: reason=class_check action=maybe_recompile pc=0x000001b3d9f1b498 method=java.util.concurrent.ConcurrentHashMap.putVal(Ljava/lang/Object;Ljava/lang/Object;Z)Ljava/lang/Object; @ 159 c2
Event: 2.816 Thread 0x000001b3cad27000 Uncommon trap: reason=unstable_if action=reinterpret pc=0x000001b3d9efe5f8 method=java.util.regex.Pattern$Start.match(Ljava/util/regex/Matcher;ILjava/lang/CharSequence;)Z @ 10 c2
Event: 2.830 Thread 0x000001b3cad27000 Uncommon trap: reason=unstable_if action=reinterpret pc=0x000001b3d9edb2fc method=java.lang.Integer.parseInt(Ljava/lang/String;I)I @ 119 c2
Event: 3.264 Thread 0x000001b3cad27000 Uncommon trap: reason=unstable_if action=reinterpret pc=0x000001b3d9f325a8 method=java.lang.String.replace(CC)Ljava/lang/String; @ 2 c2
Event: 3.280 Thread 0x000001b3eaa17800 Uncommon trap: reason=unstable_if action=reinterpret pc=0x000001b3d9f409b0 method=jdk.internal.org.objectweb.asm.Type.getArgumentsAndReturnSizes(Ljava/lang/String;)I @ 88 c2
Event: 3.450 Thread 0x000001b3cad27000 Uncommon trap: reason=unstable_if action=reinterpret pc=0x000001b3d9f4aa90 method=jdk.internal.org.objectweb.asm.Item.isEqualTo(Ljdk/internal/org/objectweb/asm/Item;)Z @ 331 c2
Event: 3.586 Thread 0x000001b3cad27000 Uncommon trap: reason=unstable_if action=reinterpret pc=0x000001b3d9f4933c method=java.util.regex.Pattern$BmpCharProperty.match(Ljava/util/regex/Matcher;ILjava/lang/CharSequence;)Z @ 39 c2
Event: 3.794 Thread 0x000001b3cad27000 Uncommon trap: reason=range_check action=make_not_entrant pc=0x000001b3d9f27f38 method=java.lang.Integer.getChars(II[B)I @ 68 c2
Event: 5.803 Thread 0x000001b3cad27000 Uncommon trap: reason=unstable_if action=reinterpret pc=0x000001b3d9f1b7c0 method=java.util.concurrent.ConcurrentHashMap.putVal(Ljava/lang/Object;Ljava/lang/Object;Z)Ljava/lang/Object; @ 256 c2
Event: 6.019 Thread 0x000001b3eaa03000 Uncommon trap: reason=unstable_if action=reinterpret pc=0x000001b3d9eec3f8 method=java.io.ByteArrayInputStream.read()I @ 8 c2

Classes redefined (4 events):
Event: 257.960 Thread 0x000001b3e8b60000 redefined class name=Param.Test_Ankita.SubscriptionTest, count=1
Event: 490.081 Thread 0x000001b3e8b60000 redefined class name=Param.Test_Ankita.SubscriptionTest, count=2
Event: 1473.529 Thread 0x000001b3e8b60000 redefined class name=Param.Test_Ankita.SubscriptionTest, count=3
Event: 1604.441 Thread 0x000001b3e8b60000 redefined class name=Param.Test_Ankita.SubscriptionTest, count=4

Internal exceptions (10 events):
Event: 3.406 Thread 0x000001b3cad27000 Exception <a 'java/lang/NoSuchMethodError'{0x000000008ff74170}: java.lang.invoke.DirectMethodHandle$Holder.invokeVirtual(Ljava/lang/Object;Ljava/lang/Object;)F> (0x000000008ff74170) thrown at [./open/src/hotspot/share/interpreter/linkResolver.cpp, line 77
Event: 3.407 Thread 0x000001b3cad27000 Exception <a 'java/lang/NoSuchMethodError'{0x000000008ff7c660}: java.lang.invoke.DirectMethodHandle$Holder.invokeVirtual(Ljava/lang/Object;Ljava/lang/Object;)J> (0x000000008ff7c660) thrown at [./open/src/hotspot/share/interpreter/linkResolver.cpp, line 77
Event: 3.415 Thread 0x000001b3cad27000 Exception <a 'java/lang/NoSuchMethodError'{0x000000008ffb66d8}: java.lang.invoke.DirectMethodHandle$Holder.invokeVirtual(Ljava/lang/Object;Ljava/lang/Object;Ljava/lang/Object;)Ljava/lang/Object;> (0x000000008ffb66d8) thrown at [./open/src/hotspot/share/in
Event: 3.453 Thread 0x000001b3cad27000 Exception <a 'java/lang/NoSuchMethodError'{0x000000008feea138}: java.lang.invoke.DirectMethodHandle$Holder.invokeStatic(Ljava/lang/Object;Ljava/lang/Object;I)V> (0x000000008feea138) thrown at [./open/src/hotspot/share/interpreter/linkResolver.cpp, line 77
Event: 3.522 Thread 0x000001b3cad27000 Exception <a 'java/lang/NoSuchMethodError'{0x000000008fb5e5e8}: java.lang.invoke.DirectMethodHandle$Holder.invokeSpecialIFC(Ljava/lang/Object;Ljava/lang/Object;Ljava/lang/Object;)I> (0x000000008fb5e5e8) thrown at [./open/src/hotspot/share/interpreter/link
Event: 3.547 Thread 0x000001b3cad27000 Exception <a 'java/lang/NoSuchMethodError'{0x000000008fa18d98}: java.lang.invoke.DirectMethodHandle$Holder.invokeStatic(Ljava/lang/Object;Ljava/lang/Object;Ljava/lang/Object;Ljava/lang/Object;Ljava/lang/Object;)V> (0x000000008fa18d98) thrown at [./open/sr
Event: 3.584 Thread 0x000001b3cad27000 Exception <a 'java/lang/NoSuchMethodError'{0x000000008f973020}: java.lang.invoke.DirectMethodHandle$Holder.invokeStatic(Ljava/lang/Object;Ljava/lang/Object;Ljava/lang/Object;Ljava/lang/Object;)V> (0x000000008f973020) thrown at [./open/src/hotspot/share/in
Event: 3.654 Thread 0x000001b3cad27000 Exception <a 'java/lang/NoSuchMethodError'{0x0000000091926a20}: java.lang.invoke.DirectMethodHandle$Holder.invokeSpecial(Ljava/lang/Object;Ljava/lang/Object;Ljava/lang/Object;Ljava/lang/Object;Ljava/lang/Object;Ljava/lang/Object;)V> (0x0000000091926a20) t
Event: 5.772 Thread 0x000001b3cad27000 Exception <a 'java/lang/NoSuchMethodError'{0x0000000090c2e6f0}: java.lang.invoke.DirectMethodHandle$Holder.invokeSpecialIFC(Ljava/lang/Object;Ljava/lang/Object;Ljava/lang/Object;)Ljava/lang/Object;> (0x0000000090c2e6f0) thrown at [./open/src/hotspot/share
Event: 5.823 Thread 0x000001b3cad27000 Exception <a 'java/lang/ClassNotFoundException'{0x0000000090b61ff8}: sun/util/logging/resources/spi/loggingProvider> (0x0000000090b61ff8) thrown at [./open/src/hotspot/share/classfile/systemDictionary.cpp, line 226]

Events (10 events):
Event: 1604.487 Executing VM operation: GetStackTrace done
Event: 1604.577 Executing VM operation: GetFrameCount
Event: 1604.577 Executing VM operation: GetFrameCount done
Event: 1604.577 Executing VM operation: GetOwnedMonitorInfo
Event: 1604.577 Executing VM operation: GetOwnedMonitorInfo done
Event: 1604.577 Executing VM operation: GetCurrentContendedMonitor
Event: 1604.577 Executing VM operation: GetCurrentContendedMonitor done
Event: 1604.581 Executing VM operation: GetFrameLocation
Event: 1604.581 Executing VM operation: GetFrameLocation done
Event: 1604.581 Executing VM operation: GetOrSetLocal


Dynamic libraries:
0x00007ff663360000 - 0x00007ff66336f000 	C:\Users\ankit\Downloads\jdk-11.0.16_windows-x64_bin\jdk-11.0.16\bin\javaw.exe
0x00007ffaca200000 - 0x00007ffaca409000 	C:\WINDOWS\SYSTEM32\ntdll.dll
0x00007ffac8b00000 - 0x00007ffac8bbd000 	C:\WINDOWS\System32\KERNEL32.DLL
0x00007ffac76e0000 - 0x00007ffac7a59000 	C:\WINDOWS\System32\KERNELBASE.dll
0x00007ffac7de0000 - 0x00007ffac7ef1000 	C:\WINDOWS\System32\ucrtbase.dll
0x00007ffa9d780000 - 0x00007ffa9d795000 	C:\Users\ankit\Downloads\jdk-11.0.16_windows-x64_bin\jdk-11.0.16\bin\VCRUNTIME140.dll
0x00007ffa9ae50000 - 0x00007ffa9ae68000 	C:\Users\ankit\Downloads\jdk-11.0.16_windows-x64_bin\jdk-11.0.16\bin\jli.dll
0x00007ffac9e70000 - 0x00007ffac9f1e000 	C:\WINDOWS\System32\ADVAPI32.dll
0x00007ffac9d00000 - 0x00007ffac9da3000 	C:\WINDOWS\System32\msvcrt.dll
0x00007ffac8de0000 - 0x00007ffac8e7e000 	C:\WINDOWS\System32\sechost.dll
0x00007ffac8170000 - 0x00007ffac8290000 	C:\WINDOWS\System32\RPCRT4.dll
0x00007ffac8c30000 - 0x00007ffac8ddc000 	C:\WINDOWS\System32\USER32.dll
0x00007ffac7bd0000 - 0x00007ffac7bf6000 	C:\WINDOWS\System32\win32u.dll
0x00007ffac9200000 - 0x00007ffac9229000 	C:\WINDOWS\System32\GDI32.dll
0x00007ffaa9770000 - 0x00007ffaa9a15000 	C:\WINDOWS\WinSxS\amd64_microsoft.windows.common-controls_6595b64144ccf1df_6.0.22000.120_none_9d947278b86cc467\COMCTL32.dll
0x00007ffac7cc0000 - 0x00007ffac7dd2000 	C:\WINDOWS\System32\gdi32full.dll
0x00007ffac7f70000 - 0x00007ffac800d000 	C:\WINDOWS\System32\msvcp_win.dll
0x00007ffac1340000 - 0x00007ffac134a000 	C:\WINDOWS\SYSTEM32\VERSION.dll
0x00007ffac9790000 - 0x00007ffac97c1000 	C:\WINDOWS\System32\IMM32.DLL
0x00007ffa81ce0000 - 0x00007ffa81d7b000 	C:\Users\ankit\Downloads\jdk-11.0.16_windows-x64_bin\jdk-11.0.16\bin\msvcp140.dll
0x00007ffa4bfe0000 - 0x00007ffa4caf8000 	C:\Users\ankit\Downloads\jdk-11.0.16_windows-x64_bin\jdk-11.0.16\bin\server\jvm.dll
0x00007ffac9db0000 - 0x00007ffac9db8000 	C:\WINDOWS\System32\PSAPI.DLL
0x00007ffaac820000 - 0x00007ffaac829000 	C:\WINDOWS\SYSTEM32\WSOCK32.dll
0x00007ffabddc0000 - 0x00007ffabddf3000 	C:\WINDOWS\SYSTEM32\WINMM.dll
0x00007ffac97d0000 - 0x00007ffac983f000 	C:\WINDOWS\System32\WS2_32.dll
0x00007ffac68b0000 - 0x00007ffac68c8000 	C:\WINDOWS\SYSTEM32\kernel.appcore.dll
0x00007ffaba510000 - 0x00007ffaba520000 	C:\Users\ankit\Downloads\jdk-11.0.16_windows-x64_bin\jdk-11.0.16\bin\verify.dll
0x00007ffac3b70000 - 0x00007ffac3d91000 	C:\WINDOWS\SYSTEM32\DBGHELP.DLL
0x00007ffac39e0000 - 0x00007ffac3a11000 	C:\WINDOWS\SYSTEM32\dbgcore.DLL
0x00007ffac8010000 - 0x00007ffac808f000 	C:\WINDOWS\System32\bcryptPrimitives.dll
0x00007ffa927f0000 - 0x00007ffa92818000 	C:\Users\ankit\Downloads\jdk-11.0.16_windows-x64_bin\jdk-11.0.16\bin\java.dll
0x00007ffab9fd0000 - 0x00007ffab9fda000 	C:\Users\ankit\Downloads\jdk-11.0.16_windows-x64_bin\jdk-11.0.16\bin\jimage.dll
0x00007ffa8f0a0000 - 0x00007ffa8f0d8000 	C:\Users\ankit\Downloads\jdk-11.0.16_windows-x64_bin\jdk-11.0.16\bin\jdwp.dll
0x00007ffa98600000 - 0x00007ffa98616000 	C:\Users\ankit\Downloads\jdk-11.0.16_windows-x64_bin\jdk-11.0.16\bin\zip.dll
0x00007ffac8290000 - 0x00007ffac8a48000 	C:\WINDOWS\System32\SHELL32.dll
0x00007ffac5810000 - 0x00007ffac6077000 	C:\WINDOWS\SYSTEM32\windows.storage.dll
0x00007ffac8e80000 - 0x00007ffac91f9000 	C:\WINDOWS\System32\combase.dll
0x00007ffac56a0000 - 0x00007ffac5806000 	C:\WINDOWS\SYSTEM32\wintypes.dll
0x00007ffaca0b0000 - 0x00007ffaca19a000 	C:\WINDOWS\System32\SHCORE.dll
0x00007ffac8090000 - 0x00007ffac80ed000 	C:\WINDOWS\System32\shlwapi.dll
0x00007ffac7610000 - 0x00007ffac7631000 	C:\WINDOWS\SYSTEM32\profapi.dll
0x00007ffab4020000 - 0x00007ffab402a000 	C:\Users\ankit\Downloads\jdk-11.0.16_windows-x64_bin\jdk-11.0.16\bin\dt_socket.dll
0x00007ffac6d00000 - 0x00007ffac6d67000 	C:\WINDOWS\System32\mswsock.dll
0x00007ffac62f0000 - 0x00007ffac63d8000 	C:\WINDOWS\SYSTEM32\DNSAPI.dll
0x00007ffac62c0000 - 0x00007ffac62ed000 	C:\WINDOWS\SYSTEM32\IPHLPAPI.DLL
0x00007ffac9ac0000 - 0x00007ffac9ac9000 	C:\WINDOWS\System32\NSI.dll
0x00007ffab9e80000 - 0x00007ffab9f01000 	C:\WINDOWS\System32\fwpuclnt.dll
0x00007ffab9b90000 - 0x00007ffab9b9a000 	C:\Windows\System32\rasadhlp.dll
0x00007ffa927d0000 - 0x00007ffa927e9000 	C:\Users\ankit\Downloads\jdk-11.0.16_windows-x64_bin\jdk-11.0.16\bin\net.dll
0x00007ffac0d90000 - 0x00007ffac0e9c000 	C:\WINDOWS\SYSTEM32\WINHTTP.dll
0x00007ffa920f0000 - 0x00007ffa92102000 	C:\Users\ankit\Downloads\jdk-11.0.16_windows-x64_bin\jdk-11.0.16\bin\nio.dll
0x00007ffab3110000 - 0x00007ffab311d000 	C:\Users\ankit\Downloads\jdk-11.0.16_windows-x64_bin\jdk-11.0.16\bin\sunmscapi.dll
0x00007ffac7a60000 - 0x00007ffac7bc2000 	C:\WINDOWS\System32\CRYPT32.dll
0x00007ffac7090000 - 0x00007ffac70b8000 	C:\WINDOWS\SYSTEM32\ncrypt.dll
0x00007ffac7050000 - 0x00007ffac7087000 	C:\WINDOWS\SYSTEM32\NTASN1.dll
0x00007ffa8fb80000 - 0x00007ffa8fba5000 	C:\Users\ankit\Downloads\jdk-11.0.16_windows-x64_bin\jdk-11.0.16\bin\sunec.dll
0x00007ffac6f40000 - 0x00007ffac6f58000 	C:\WINDOWS\SYSTEM32\CRYPTSP.dll
0x00007ffac67a0000 - 0x00007ffac67d5000 	C:\WINDOWS\system32\rsaenh.dll
0x00007ffac6df0000 - 0x00007ffac6e19000 	C:\WINDOWS\SYSTEM32\USERENV.dll
0x00007ffac70c0000 - 0x00007ffac70e7000 	C:\WINDOWS\SYSTEM32\bcrypt.dll
0x00007ffac6f60000 - 0x00007ffac6f6c000 	C:\WINDOWS\SYSTEM32\CRYPTBASE.dll
0x00007ffac0f60000 - 0x00007ffac0f79000 	C:\WINDOWS\SYSTEM32\dhcpcsvc6.DLL
0x00007ffac1420000 - 0x00007ffac143e000 	C:\WINDOWS\SYSTEM32\dhcpcsvc.DLL
0x00007ffab27f0000 - 0x00007ffab27f9000 	C:\Users\ankit\Downloads\jdk-11.0.16_windows-x64_bin\jdk-11.0.16\bin\management.dll
0x00007ffab27c0000 - 0x00007ffab27cb000 	C:\Users\ankit\Downloads\jdk-11.0.16_windows-x64_bin\jdk-11.0.16\bin\management_ext.dll
0x00007ffaa93d0000 - 0x00007ffaa93e7000 	C:\WINDOWS\system32\napinsp.dll
0x00007ffaa93b0000 - 0x00007ffaa93cb000 	C:\WINDOWS\system32\pnrpnsp.dll
0x00007ffaa9600000 - 0x00007ffaa9612000 	C:\WINDOWS\System32\winrnr.dll
0x00007ffaa8c20000 - 0x00007ffaa8c35000 	C:\WINDOWS\system32\wshbth.dll
0x00007ffaa8c00000 - 0x00007ffaa8c1f000 	C:\WINDOWS\system32\nlansp_c.dll

dbghelp: loaded successfully - version: 4.0.5 - missing functions: none
symbol engine: initialized successfully - sym options: 0x614 - pdb path: .;C:\Users\ankit\Downloads\jdk-11.0.16_windows-x64_bin\jdk-11.0.16\bin;C:\WINDOWS\SYSTEM32;C:\WINDOWS\WinSxS\amd64_microsoft.windows.common-controls_6595b64144ccf1df_6.0.22000.120_none_9d947278b86cc467;C:\Users\ankit\Downloads\jdk-11.0.16_windows-x64_bin\jdk-11.0.16\bin\server

VM Arguments:
jvm_args: -agentlib:jdwp=transport=dt_socket,suspend=y,address=localhost:62199 -ea -Dfile.encoding=Cp1252 
java_command: org.testng.remote.RemoteTestNG -serport 62198 -protocol json -d C:\Users\ankit\eclipse-workspace\Test_Ankita\test-output C:\Users\ankit\AppData\Local\Temp\testng-eclipse--15900977\testng-customsuite.xml
java_class_path (initial): C:\Users\ankit\eclipse\jee-2021-06\eclipse\configuration\org.eclipse.osgi\938\0\.cp\lib\testng-remote.jar;C:\Users\ankit\eclipse-workspace\Test_Ankita\target\test-classes;C:\Users\ankit\eclipse-workspace\Test_Ankita\target\classes;C:\Users\ankit\.m2\repository\org\testng\testng\6.14.3\testng-6.14.3.jar;C:\Users\ankit\.m2\repository\com\beust\jcommander\1.72\jcommander-1.72.jar;C:\Users\ankit\.m2\repository\org\apache-extras\beanshell\bsh\2.0b6\bsh-2.0b6.jar;C:\Users\ankit\.m2\repository\org\seleniumhq\selenium\selenium-java\4.4.0\selenium-java-4.4.0.jar;C:\Users\ankit\.m2\repository\org\seleniumhq\selenium\selenium-api\4.4.0\selenium-api-4.4.0.jar;C:\Users\ankit\.m2\repository\org\seleniumhq\selenium\selenium-chrome-driver\4.4.0\selenium-chrome-driver-4.4.0.jar;C:\Users\ankit\.m2\repository\com\google\auto\service\auto-service-annotations\1.0.1\auto-service-annotations-1.0.1.jar;C:\Users\ankit\.m2\repository\com\google\auto\service\auto-service\1.0.1\auto-service-1.0.1.jar;C:\Users\ankit\.m2\repository\com\google\auto\auto-common\1.2\auto-common-1.2.jar;C:\Users\ankit\.m2\repository\com\google\guava\guava\31.1-jre\guava-31.1-jre.jar;C:\Users\ankit\.m2\repository\com\google\guava\failureaccess\1.0.1\failureaccess-1.0.1.jar;C:\Users\ankit\.m2\repository\com\google\guava\listenablefuture\9999.0-empty-to-avoid-conflict-with-guava\listenablefuture-9999.0-empty-to-avoid-conflict-with-guava.jar;C:\Users\ankit\.m2\repository\com\google\code\findbugs\jsr305\3.0.2\jsr305-3.0.2.jar;C:\Users\ankit\.m2\repository\org\checkerframework\checker-qual\3.12.0\checker-qual-3.12.0.jar;C:\Users\ankit\.m2\repository\com\google\errorprone\error_prone_annotations\2.11.0\error_prone_annotations-2.11.0.jar;C:\Users\ankit\.m2\repository\com\google\j2objc\j2objc-annotations\1.3\j2objc-annotations-1.3.jar;C:\Users\ankit\.m2\repository\org\seleniumhq\selenium\selenium-chromium-driver\4.4.0\selenium-chromium-driver-4.4.0.jar;C:\Users\ankit\.m2\repository\org\seleniumhq
Launcher Type: SUN_STANDARD

[Global flags]
     intx CICompilerCount                          = 4                                         {product} {ergonomic}
     uint ConcGCThreads                            = 3                                         {product} {ergonomic}
     uint G1ConcRefinementThreads                  = 10                                        {product} {ergonomic}
   size_t G1HeapRegionSize                         = 1048576                                   {product} {ergonomic}
    uintx GCDrainStackTargetSize                   = 64                                        {product} {ergonomic}
   size_t InitialHeapSize                          = 123731968                                 {product} {ergonomic}
   size_t MarkStackSize                            = 4194304                                   {product} {ergonomic}
   size_t MaxHeapSize                              = 1973420032                                {product} {ergonomic}
   size_t MaxNewSize                               = 1183842304                                {product} {ergonomic}
   size_t MinHeapDeltaBytes                        = 1048576                                   {product} {ergonomic}
    uintx NonNMethodCodeHeapSize                   = 5836300                                {pd product} {ergonomic}
    uintx NonProfiledCodeHeapSize                  = 122910970                              {pd product} {ergonomic}
    uintx ProfiledCodeHeapSize                     = 122910970                              {pd product} {ergonomic}
    uintx ReservedCodeCacheSize                    = 251658240                              {pd product} {ergonomic}
     bool SegmentedCodeCache                       = true                                      {product} {ergonomic}
     bool UseCompressedClassPointers               = true                                 {lp64_product} {ergonomic}
     bool UseCompressedOops                        = true                                 {lp64_product} {ergonomic}
     bool UseG1GC                                  = true                                      {product} {ergonomic}
     bool UseLargePagesIndividualAllocation        = false                                  {pd product} {ergonomic}

Logging:
Log output configuration:
 #0: stdout all=warning uptime,level,tags
 #1: stderr all=off uptime,level,tags

Environment Variables:
JAVA_HOME=C:\Users\ankit\Downloads\jdk-11.0.16_windows-x64_bin\jdk-11.0.16
PATH=C:/Program Files/Java/jdk-16.0.2/bin/server;C:/Program Files/Java/jdk-16.0.2/bin;C:\Program Files\Common Files\Oracle\Java\javapath;C:\WINDOWS\system32;C:\WINDOWS;C:\WINDOWS\System32\Wbem;C:\WINDOWS\System32\WindowsPowerShell\v1.0\;C:\WINDOWS\System32\OpenSSH\;C:\Program Files\Git\cmd;C:\Program Files\Docker\Docker\resources\bin;C:\ProgramData\DockerDesktop\version-bin;C:\Program Files\nodejs\;C:\ProgramData\chocolatey\bin;C:\Users\ankit\Downloads\jdk-11.0.16_windows-x64_bin\jdk-11.0.16;C:\Users\ankit\Downloads\apache-maven-3.8.6-bin\apache-maven-3.8.6;C:\Users\ankit\AppData\Local\Microsoft\WindowsApps;C:\Users\ankit\AppData\Roaming\npm;C:\Users\ankit\AppData\Local\Programs\Microsoft VS Code\bin;C:\Program Files\nodejs;C:\Users\ankit\Downloads\apache-maven-3.8.6-bin\apache-maven-3.8.6\bin;C:\Users\ankit\Downloads\jdk-11.0.16_windows-x64_bin\jdk-11.0.16\bin;;C:\Users\ankit\eclipse\jee-2021-06\eclipse;
USERNAME=ankit
OS=Windows_NT
PROCESSOR_IDENTIFIER=AMD64 Family 23 Model 104 Stepping 1, AuthenticAMD



---------------  S Y S T E M  ---------------

OS: Windows 11 , 64 bit Build 22000 (10.0.22000.708)
Hyper-V role detected

CPU:total 12 (initial active 12) (12 cores per cpu, 2 threads per core) family 23 model 104 stepping 1 microcode 0x0, cmov, cx8, fxsr, mmx, sse, sse2, sse3, ssse3, sse4.1, sse4.2, popcnt, avx, avx2, aes, clmul, mmxext, 3dnowpref, lzcnt, sse4a, ht, tsc, tscinvbit, tscinv, bmi1, bmi2, adx,

Memory: 4k page, system-wide physical 7521M (1662M free)
TotalPageFile size 22802M (AvailPageFile size 4115M)
current process WorkingSet (physical memory assigned to process): 67M, peak: 165M
current process commit charge ("private bytes"): 256M, peak: 279M

vm_info: Java HotSpot(TM) 64-Bit Server VM (11.0.16+11-LTS-199) for windows-amd64 JRE (11.0.16+11-LTS-199), built on Jun 28 2022 08:23:17 by "mach5one" with MS VC++ 15.9 (VS2017)

END.
